<?xml version="1.0" encoding="UTF-8"?>
<!-- Generated by org.testng.reporters.JUnitXMLReporter -->
<testsuite ignored="0" hostname="LAPTOP-AK2LB4GI" failures="0" tests="10" name="Default test" time="0.092" errors="0" timestamp="2022-03-07T17:58:59 IST">
  <testcase classname="TestScenarios.FlightSearch" name="@BeforeClass driverConfig" time="-1.646656139595E9">
    <failure type="org.testng.TestNGException" message="
Parameter &amp;apos;browser&amp;apos; is required by BeforeClass on method driverConfig but has not been marked @Optional or defined
in C:\Users\Suriya\AppData\Local\Temp\testng-eclipse--1724854359\testng-customsuite.xml">
      <![CDATA[org.testng.TestNGException: 
Parameter 'browser' is required by BeforeClass on method driverConfig but has not been marked @Optional or defined
in C:\Users\Suriya\AppData\Local\Temp\testng-eclipse--1724854359\testng-customsuite.xml
at org.testng.internal.Parameters.createParams(Parameters.java:270)
at org.testng.internal.Parameters.createParametersForMethod(Parameters.java:358)
at org.testng.internal.Parameters.createParameters(Parameters.java:700)
at org.testng.internal.Parameters.createConfigurationParameters(Parameters.java:168)
at org.testng.internal.ConfigInvoker.invokeConfigurations(ConfigInvoker.java:302)
at org.testng.internal.TestMethodWorker.invokeBeforeClassMethods(TestMethodWorker.java:176)
at org.testng.internal.TestMethodWorker.run(TestMethodWorker.java:122)
at java.base/java.util.ArrayList.forEach(ArrayList.java:1511)
at org.testng.TestRunner.privateRun(TestRunner.java:794)
at org.testng.TestRunner.run(TestRunner.java:596)
at org.testng.SuiteRunner.runTest(SuiteRunner.java:377)
at org.testng.SuiteRunner.runSequentially(SuiteRunner.java:371)
at org.testng.SuiteRunner.privateRun(SuiteRunner.java:332)
at org.testng.SuiteRunner.run(SuiteRunner.java:276)
at org.testng.SuiteRunnerWorker.runSuite(SuiteRunnerWorker.java:53)
at org.testng.SuiteRunnerWorker.run(SuiteRunnerWorker.java:96)
at org.testng.TestNG.runSuitesSequentially(TestNG.java:1212)
at org.testng.TestNG.runSuitesLocally(TestNG.java:1134)
at org.testng.TestNG.runSuites(TestNG.java:1063)
at org.testng.TestNG.run(TestNG.java:1031)
at org.testng.remote.AbstractRemoteTestNG.run(AbstractRemoteTestNG.java:115)
at org.testng.remote.RemoteTestNG.initAndRun(RemoteTestNG.java:251)
at org.testng.remote.RemoteTestNG.main(RemoteTestNG.java:77)
]]>
    </failure>
  </testcase> <!-- @BeforeClass driverConfig -->
  <testcase classname="TestScenarios.FlightSearch" name="@AfterClass driverexit" time="-1.646656139669E9">
    <skipped/>
  </testcase> <!-- @AfterClass driverexit -->
  <testcase classname="TestScenarios.FlightSearch" name="testcaseReadxl" time="0.0">
    <skipped/>
  </testcase> <!-- testcaseReadxl -->
  <testcase classname="TestScenarios.FlightSearch" name="testOrigin" time="0.0">
    <skipped/>
  </testcase> <!-- testOrigin -->
  <testcase classname="TestScenarios.FlightSearch" name="testDestination" time="0.0">
    <skipped/>
  </testcase> <!-- testDestination -->
  <testcase classname="TestScenarios.FlightSearch" name="testDate" time="0.0">
    <skipped/>
  </testcase> <!-- testDate -->
  <testcase classname="TestScenarios.FlightSearch" name="testClass" time="0.0">
    <skipped/>
  </testcase> <!-- testClass -->
  <testcase classname="TestScenarios.FlightSearch" name="testSubmit" time="0.0">
    <skipped/>
  </testcase> <!-- testSubmit -->
  <testcase classname="TestScenarios.FlightSearch" name="verifyDateCity" time="0.0">
    <skipped/>
  </testcase> <!-- verifyDateCity -->
  <testcase classname="TestScenarios.FlightSearch" name="testCollectFlights" time="0.0">
    <skipped/>
  </testcase> <!-- testCollectFlights -->
  <testcase classname="TestScenarios.FlightSearch" name="screenshot" time="0.0">
    <skipped/>
  </testcase> <!-- screenshot -->
  <testcase classname="TestScenarios.FlightSearch" name="prodintoexcel" time="0.0">
    <skipped/>
  </testcase> <!-- prodintoexcel -->
</testsuite> <!-- Default test -->
